  % Total    % Received % Xferd  Average Speed   Time    Time     Time  Current
                                 Dload  Upload   Total   Spent    Left  Speed
  0     0    0     0    0     0      0      0 --:--:-- --:--:-- --:--:--     0100   329  100   329    0     0    564      0 --:--:-- --:--:-- --:--:--   564
  0     0    0     0    0     0      0      0 --:--:-- --:--:-- --:--:--     0  0  154k    0     0    0     0      0      0 --:--:--  0:00:01 --:--:--     0100  154k  100  154k    0     0  62766      0  0:00:02  0:00:02 --:--:-- 95015
make -f Makefile.1 -C /home/pfitzseb/.julia/packages/Algencan/zHtVy/deps/src/algencan-3.1.1/sources/hsl
make[1]: Entering directory '/home/pfitzseb/.julia/packages/Algencan/zHtVy/deps/src/algencan-3.1.1/sources/hsl'
make[1]: Nothing to be done for 'all'.
make[1]: Leaving directory '/home/pfitzseb/.julia/packages/Algencan/zHtVy/deps/src/algencan-3.1.1/sources/hsl'
make -C /home/pfitzseb/.julia/packages/Algencan/zHtVy/deps/src/algencan-3.1.1/sources/algencan all install
make[1]: Entering directory '/home/pfitzseb/.julia/packages/Algencan/zHtVy/deps/src/algencan-3.1.1/sources/algencan'
gfortran -O3 -ffree-form -fPIC -c -o modalgconst.o modalgconst.f90
gfortran -O3 -ffree-form -fPIC -c -o modalgparam.o modalgparam.f90
gfortran -O3 -ffree-form -fPIC -c -o modmachconst.o modmachconst.f90
gfortran -O3 -ffree-form -fPIC -c -o modouttyp.o modouttyp.f90
gfortran -O3 -ffree-form -fPIC -c -o probgiven.o probgiven.f90
gfortran -O3 -ffree-form -fPIC -c -o modprobdata.o modprobdata.f90
gfortran -O3 -ffree-form -fPIC -c -o modsvdhess.o modsvdhess.f90
gfortran -O3 -ffree-form -fPIC -c -o modsvdgrad.o modsvdgrad.f90
gfortran -O3 -ffree-form -fPIC -c -o problvlv.o problvlv.f90
gfortran -O3 -ffree-form -fPIC -c -o problvlu.o problvlu.f90
gfortran -O3 -ffree-form -fPIC -c -o problvlt.o problvlt.f90
gfortran -O3 -ffree-form -fPIC -c -o problvls.o problvls.f90
gfortran -O3 -ffree-form -fPIC -c -o dummy_lssma57.o dummy_lssma57.f90
gfortran -O3 -ffree-form -fPIC -c -o dummy_lssma86.o dummy_lssma86.f90
gfortran -O3 -ffree-form -fPIC -c -o dummy_lssma97.o dummy_lssma97.f90
gfortran -O3 -ffree-form -fPIC -c -o algencan.o algencan.f90
gfortran -O3 -ffree-form -fPIC -c -o lss.o lss.f90
gfortran -O3 -ffree-form -fPIC -c -o modminsq.o modminsq.f90
gfortran -O3 -ffree-form -fPIC -c -o newtonkkt.o newtonkkt.f90
gfortran -O3 -ffree-form -fPIC -c -o auglag.o auglag.f90
gfortran -O3 -ffree-form -fPIC -c -o modrspace.o modrspace.f90
gfortran -O3 -ffree-form -fPIC -c -o moditetyp.o moditetyp.f90
gfortran -O3 -ffree-form -fPIC -c -o modsydat.o modsydat.f90
gfortran -O3 -ffree-form -fPIC -c -o gencan.o gencan.f90
gfortran -O3 -ffree-form -fPIC -c -o betra.o betra.f90
gfortran -O3 -ffree-form -fPIC -c -o moresor.o moresor.f90
gfortran -O3 -ffree-form -fPIC -c -o dogleg.o dogleg.f90
gfortran -O3 -ffree-form -fPIC -c -o tnls.o tnls.f90
gfortran -O3 -ffree-form -fPIC -c -o spgls.o spgls.f90
gfortran -O3 -ffree-form -fPIC -c -o newtd.o newtd.f90
gfortran -O3 -ffree-form -fPIC -c -o extrap.o extrap.f90
gfortran -O3 -ffree-form -fPIC -c -o backtrack.o backtrack.f90
gfortran -O3 -ffree-form -fPIC -c -o cgm.o cgm.f90
gfortran -O3 -ffree-form -fPIC -c -o calc.o calc.f90
gfortran -O3 -ffree-form -fPIC -c -o modhappdat.o modhappdat.f90
gfortran -O3 -ffree-form -fPIC -c -o modhpredat.o modhpredat.f90
gfortran -O3 -ffree-form -fPIC -c -o happrox.o happrox.f90
gfortran -O3 -ffree-form -fPIC -c -o evalal.o evalal.f90
gfortran -O3 -ffree-form -fPIC -c -o fparam.o fparam.f90
gfortran -O3 -ffree-form -fPIC -c -o misc.o misc.f90
gfortran -O3 -ffree-form -fPIC -c -o setpoint.o setpoint.f90
gfortran -O3 -ffree-form -fPIC -c -o drand.o drand.f90
gfortran -O3 -ffree-form -fPIC -c -o memalloc.o memalloc.f90
gfortran -O3 -ffree-form -fPIC -c -o calgencan.o calgencan.f90
gfortran -O3 -ffree-form -fPIC -c -o accpro.o accpro.f90
ar rcs libalgencan.a algencan.o newtonkkt.o auglag.o gencan.o betra.o moresor.o dogleg.o tnls.o spgls.o newtd.o extrap.o backtrack.o cgm.o calc.o happrox.o evalal.o fparam.o misc.o setpoint.o drand.o lss.o memalloc.o problvls.o problvlt.o problvlu.o problvlv.o probgiven.o modsydat.o modsvdhess.o modsvdgrad.o modrspace.o modprobdata.o modouttyp.o modminsq.o modmachconst.o modhpredat.o modhappdat.o moditetyp.o modalgparam.o modalgconst.o calgencan.o accpro.o dummy_lssma57.o dummy_lssma86.o dummy_lssma97.o
mv -f libalgencan.a /home/pfitzseb/.julia/packages/Algencan/zHtVy/deps/src/algencan-3.1.1/lib
make[1]: Leaving directory '/home/pfitzseb/.julia/packages/Algencan/zHtVy/deps/src/algencan-3.1.1/sources/algencan'
┌ Warning: WARNING: You are installing Algencan.jl without HSL libraries.
└ @ Main ~/.julia/packages/Algencan/zHtVy/deps/build.jl:81
┌ Warning: WARNING: This might preclude good performance.
└ @ Main ~/.julia/packages/Algencan/zHtVy/deps/build.jl:82
┌ Warning: WARNING: If you can, try to use HSL.
└ @ Main ~/.julia/packages/Algencan/zHtVy/deps/build.jl:83
┌ Warning: WARNING: See details in the installation section at https://github.com/pjssilva/Algencan.jl .
└ @ Main ~/.julia/packages/Algencan/zHtVy/deps/build.jl:84
[ Info: Attempting to create directory /home/pfitzseb/.julia/packages/Algencan/zHtVy/deps/downloads
[ Info: Downloading file http://www.ime.usp.br/~egbirgin/tango/sources/algencan-3.1.1.tgz
[ Info: Done downloading file http://www.ime.usp.br/~egbirgin/tango/sources/algencan-3.1.1.tgz
[ Info: Attempting to create directory /home/pfitzseb/.julia/packages/Algencan/zHtVy/deps/src
[ Info: Attempting to create directory /home/pfitzseb/.julia/packages/Algencan/zHtVy/deps
[ Info: Directory /home/pfitzseb/.julia/packages/Algencan/zHtVy/deps already exists
[ Info: Changing directory to /home/pfitzseb/.julia/packages/Algencan/zHtVy/deps/src/algencan-3.1.1
[ Info: Changing directory to /home/pfitzseb/.julia/packages/Algencan/zHtVy/deps
[ Info: Attempting to create directory usr
[ Info: Changing directory to /home/pfitzseb/.julia/packages/Algencan/zHtVy/deps
[ Info: Attempting to create directory usr/lib
[ Info: Changing directory to /home/pfitzseb/.julia/packages/Algencan/zHtVy/deps/src/algencan-3.1.1
