  % Total    % Received % Xferd  Average Speed   Time    Time     Time  Current
                                 Dload  Upload   Total   Spent    Left  Speed
  0     0    0     0    0     0      0      0 --:--:-- --:--:-- --:--:--     0  0  341k    0  2645    0     0   2555      0  0:02:16  0:00:01  0:02:15  2555 19  341k   19 67445    0     0  33621      0  0:00:10  0:00:02  0:00:08 33621 48  341k   48  164k    0     0  55839      0  0:00:06  0:00:03  0:00:03 55839 81  341k   81  276k    0     0  70456      0  0:00:04  0:00:04 --:--:-- 70456100  341k  100  341k    0     0  78107      0  0:00:04  0:00:04 --:--:-- 78107
gcc -c -O -fPIC -DASL_NO_FPINITMT fpinit.c
gcc -O -fPIC arithchk.c fpinit.o -lm ||\
 gcc -DNO_LONG_LONG -O -fPIC arithchk.c fpinit.o -lm ||\
 gcc -DNO_SSIZE_T -O -fPIC arithchk.c fpinit.o -lm ||\
 gcc -DNO_LONG_LONG -DNO_SSIZE_T -O -fPIC arithchk.c fpinit.o -lm
./a.out >arith.h
rm -f a.out arithchk.o fpinit.o
cat stdio1.h0 >stdio1.h
sed "s!System_details!`uname -sm`!" details.c0 >details.c
gcc -c -O -fPIC asldate.c atof.c auxinfo.c avltree.c b_search.c basename.c bscanf.c com2eval.c comeval.c con1ival.c con2ival.c con2val.c conadj.c conpval.c conscale.c conval.c degree.c derprop.c details.c dtoa1.c duthes.c dynlink.c f_read.c fg_read.c fg_write.c fgh_read.c fpecatch.c fpinit.c fullhes.c func_add.c funcadd1.c g_fmt.c genrowno.c getenv.c getstub.c htcl.c indic_cons.c jac0dim.c jac2dim.c jacdim.c jacinc.c jacinc1.c libnamsave.c mach.c mainexit.c mip_pri.c misc.c mpec_adj.c mqpcheckv.c mypow.c names.c nl_obj.c nqpcheck.c nqpcheckZ.c obj2val.c obj_adj.c obj_prec.c objconst.c objval.c objval_.c op_type.c pfg_read.c pfghread.c printf.c pshvprod.c punknown.c qp_read.c qpcheck.c qpcheckZ.c qsortv.c readsol.c repwhere.c rops.c rops2.c sigcatch.c sos_add.c sphes.c sscanf.c stderr.c studchk0.c suf_sos.c value.c writesol.c wrtsol_.c ws_desc.c wsu_desc.c x2check.c xectim.c xp1known.c xp2known.c
x=`echo asldate.c atof.c auxinfo.c avltree.c b_search.c basename.c bscanf.c com2eval.c comeval.c con1ival.c con2ival.c con2val.c conadj.c conpval.c conscale.c conval.c degree.c derprop.c details.c dtoa1.c duthes.c dynlink.c f_read.c fg_read.c fg_write.c fgh_read.c fpecatch.c fpinit.c fullhes.c func_add.c funcadd1.c g_fmt.c genrowno.c getenv.c getstub.c htcl.c indic_cons.c jac0dim.c jac2dim.c jacdim.c jacinc.c jacinc1.c libnamsave.c mach.c mainexit.c mip_pri.c misc.c mpec_adj.c mqpcheckv.c mypow.c names.c nl_obj.c nqpcheck.c nqpcheckZ.c obj2val.c obj_adj.c obj_prec.c objconst.c objval.c objval_.c op_type.c pfg_read.c pfghread.c printf.c pshvprod.c punknown.c qp_read.c qpcheck.c qpcheckZ.c qsortv.c readsol.c repwhere.c rops.c rops2.c sigcatch.c sos_add.c sphes.c sscanf.c stderr.c studchk0.c suf_sos.c value.c writesol.c wrtsol_.c ws_desc.c wsu_desc.c x2check.c xectim.c xp1known.c xp2known.c | sed 's/\.[cs]/.o/g'` && ar ruv amplsolver.a $x && rm $x
ar: `u' modifier ignored since `D' is the default (see `U')
ar: creating amplsolver.a
a - asldate.o
a - atof.o
a - auxinfo.o
a - avltree.o
a - b_search.o
a - basename.o
a - bscanf.o
a - com2eval.o
a - comeval.o
a - con1ival.o
a - con2ival.o
a - con2val.o
a - conadj.o
a - conpval.o
a - conscale.o
a - conval.o
a - degree.o
a - derprop.o
a - details.o
a - dtoa1.o
a - duthes.o
a - dynlink.o
a - f_read.o
a - fg_read.o
a - fg_write.o
a - fgh_read.o
a - fpecatch.o
a - fpinit.o
a - fullhes.o
a - func_add.o
a - funcadd1.o
a - g_fmt.o
a - genrowno.o
a - getenv.o
a - getstub.o
a - htcl.o
a - indic_cons.o
a - jac0dim.o
a - jac2dim.o
a - jacdim.o
a - jacinc.o
a - jacinc1.o
a - libnamsave.o
a - mach.o
a - mainexit.o
a - mip_pri.o
a - misc.o
a - mpec_adj.o
a - mqpcheckv.o
a - mypow.o
a - names.o
a - nl_obj.o
a - nqpcheck.o
a - nqpcheckZ.o
a - obj2val.o
a - obj_adj.o
a - obj_prec.o
a - objconst.o
a - objval.o
a - objval_.o
a - op_type.o
a - pfg_read.o
a - pfghread.o
a - printf.o
a - pshvprod.o
a - punknown.o
a - qp_read.o
a - qpcheck.o
a - qpcheckZ.o
a - qsortv.o
a - readsol.o
a - repwhere.o
a - rops.o
a - rops2.o
a - sigcatch.o
a - sos_add.o
a - sphes.o
a - sscanf.o
a - stderr.o
a - studchk0.o
a - suf_sos.o
a - value.o
a - writesol.o
a - wrtsol_.o
a - ws_desc.o
a - wsu_desc.o
a - x2check.o
a - xectim.o
a - xp1known.o
a - xp2known.o
ranlib amplsolver.a || true
gcc -c -O -fPIC funcadd0.c
[ Info: Attempting to create directory /home/pfitzseb/.julia/packages/AmplNLReader/aG7Hf/deps/downloads
[ Info: Downloading file http://netlib.org/ampl/solvers.tgz
[ Info: Done downloading file http://netlib.org/ampl/solvers.tgz
[ Info: Attempting to create directory /home/pfitzseb/.julia/packages/AmplNLReader/aG7Hf/deps/src
[ Info: Attempting to create directory /home/pfitzseb/.julia/packages/AmplNLReader/aG7Hf/deps
[ Info: Directory /home/pfitzseb/.julia/packages/AmplNLReader/aG7Hf/deps already exists
[ Info: Attempting to create directory /home/pfitzseb/.julia/packages/AmplNLReader/aG7Hf/deps/usr/lib
[ Info: Changing directory to /home/pfitzseb/.julia/packages/AmplNLReader/aG7Hf/deps/src/solvers
